[11:53:57] [ServerMain/INFO]: Environment: Environment[sessionHost=https://sessionserver.mojang.com, servicesHost=https://api.minecraftservices.com, name=PROD]
[11:53:57] [ServerMain/INFO]: Found new data pack file/bukkit, loading it automatically
[11:53:57] [ServerMain/INFO]: Found new data pack paper, loading it automatically
[11:53:58] [ServerMain/INFO]: No existing world data, creating new world
[11:53:59] [ServerMain/INFO]: Loaded 1175 recipes
[11:54:00] [ServerMain/INFO]: Loaded 1276 advancements
[11:54:00] [Server thread/INFO]: Starting minecraft server version 1.20.6
[11:54:00] [Server thread/INFO]: Loading properties
[11:54:00] [Server thread/INFO]: This server is running Paper version 1.20.6-147-ver/1.20.6@e41d44f (2024-06-17T19:24:35Z) (Implementing API version 1.20.6-R0.1-SNAPSHOT)
[11:54:01] [Server thread/INFO]: Server Ping Player Sample Count: 12
[11:54:01] [Server thread/INFO]: Using 4 threads for Netty based IO
[11:54:02] [Server thread/INFO]: [ChunkTaskScheduler] Chunk system is using 1 I/O threads, 1 worker threads, and gen parallelism of 1 threads
[11:54:02] [Server thread/WARN]: [!] The timings profiler has been enabled but has been scheduled for removal from Paper in the future.
    We recommend installing the spark profiler as a replacement: https://spark.lucko.me/
    For more information please visit: https://github.com/PaperMC/Paper/issues/8948
[11:54:02] [Server thread/INFO]: Default game type: SURVIVAL
[11:54:02] [Server thread/INFO]: Generating keypair
[11:54:03] [Server thread/INFO]: Starting Minecraft server on *:25565
[11:54:03] [Server thread/INFO]: Using epoll channel type
[11:54:03] [Server thread/INFO]: Paper: Using libdeflate (Linux x86_64) compression from Velocity.
[11:54:03] [Server thread/INFO]: Paper: Using OpenSSL 1.1.x (Linux x86_64) cipher from Velocity.
[11:54:03] [Server thread/INFO]: Preparing level "world"
[11:54:18] [Server thread/INFO]: Preparing start region for dimension minecraft:overworld
[11:54:30] [Server thread/INFO]: Time elapsed: 11279 ms
[11:54:30] [Server thread/INFO]: Preparing start region for dimension minecraft:the_nether
[11:54:33] [Server thread/INFO]: Time elapsed: 3323 ms
[11:54:33] [Server thread/INFO]: Preparing start region for dimension minecraft:the_end
[11:54:34] [Server thread/INFO]: Time elapsed: 1069 ms
[11:54:34] [Server thread/INFO]: Running delayed init tasks
[11:54:34] [Server thread/INFO]: Done (34.006s)! For help, type "help"
[11:54:34] [Server thread/INFO]: *************************************************************************************
[11:54:34] [Server thread/INFO]: This is the first time you're starting this server.
[11:54:34] [Server thread/INFO]: It's recommended you read our 'Getting Started' documentation for guidance.
[11:54:34] [Server thread/INFO]: View this and more helpful information here: https://docs.papermc.io/paper/next-steps
[11:54:34] [Server thread/INFO]: *************************************************************************************
[11:54:34] [Server thread/INFO]: Timings Reset
[12:00:47] [Server thread/INFO]: Stopping server
[12:00:47] [Server thread/INFO]: Saving players
[12:00:47] [Server thread/INFO]: Saving worlds
[12:00:47] [Server thread/INFO]: Saving chunks for level 'ServerLevel[world]'/minecraft:overworld
[12:00:48] [Server thread/INFO]: [ChunkHolderManager] Waiting 60s for chunk system to halt for world 'world'
[12:00:48] [Server thread/INFO]: [ChunkHolderManager] Halted chunk system for world 'world'
[12:00:48] [Server thread/INFO]: [ChunkHolderManager] Saving all chunkholders for world 'world'
[12:00:48] [Server console handler/ERROR]: Caught previously unhandled exception :
java.io.IOError: java.io.IOException: Input/output error
	at org.jline.keymap.BindingReader.readCharacter(BindingReader.java:170) ~[jline-reader-3.20.0.jar:?]
	at org.jline.keymap.BindingReader.readBinding(BindingReader.java:110) ~[jline-reader-3.20.0.jar:?]
	at org.jline.keymap.BindingReader.readBinding(BindingReader.java:61) ~[jline-reader-3.20.0.jar:?]
	at org.jline.reader.impl.LineReaderImpl.doReadBinding(LineReaderImpl.java:923) ~[jline-reader-3.20.0.jar:?]
	at org.jline.reader.impl.LineReaderImpl.readBinding(LineReaderImpl.java:956) ~[jline-reader-3.20.0.jar:?]
	at org.jline.reader.impl.LineReaderImpl.readLine(LineReaderImpl.java:651) ~[jline-reader-3.20.0.jar:?]
	at org.jline.reader.impl.LineReaderImpl.readLine(LineReaderImpl.java:468) ~[jline-reader-3.20.0.jar:?]
	at net.minecrell.terminalconsole.SimpleTerminalConsole.readCommands(SimpleTerminalConsole.java:158) ~[terminalconsoleappender-1.3.0.jar:?]
	at net.minecrell.terminalconsole.SimpleTerminalConsole.start(SimpleTerminalConsole.java:141) ~[terminalconsoleappender-1.3.0.jar:?]
	at net.minecraft.server.dedicated.DedicatedServer$1.run(DedicatedServer.java:113) ~[paper-1.20.6.jar:1.20.6-147-e41d44f]
Caused by: java.io.IOException: Input/output error
	at java.base/java.io.FileInputStream.read0(Native Method) ~[?:?]
	at java.base/java.io.FileInputStream.read(FileInputStream.java:231) ~[?:?]
	at org.jline.terminal.impl.AbstractPty$PtyInputStream.read(AbstractPty.java:73) ~[jline-terminal-3.21.0.jar:?]
	at org.jline.utils.NonBlockingInputStream.read(NonBlockingInputStream.java:62) ~[jline-terminal-3.21.0.jar:?]
	at org.jline.utils.NonBlocking$NonBlockingInputStreamReader.read(NonBlocking.java:168) ~[jline-terminal-3.21.0.jar:?]
	at org.jline.utils.NonBlockingReader.read(NonBlockingReader.java:57) ~[jline-terminal-3.21.0.jar:?]
	at org.jline.keymap.BindingReader.readCharacter(BindingReader.java:160) ~[jline-reader-3.20.0.jar:?]
	... 9 more
[12:00:48] [Server thread/INFO]: [ChunkHolderManager] Saved 799 block chunks, 4 entity chunks, 0 poi chunks in world 'world' in 0.79s
[12:00:48] [Server thread/INFO]: ThreadedAnvilChunkStorage (world): All chunks are saved
[12:00:48] [Server thread/INFO]: Saving chunks for level 'ServerLevel[world_nether]'/minecraft:the_nether
[12:00:48] [Server thread/INFO]: [ChunkHolderManager] Waiting 60s for chunk system to halt for world 'world_nether'
[12:00:48] [Server thread/INFO]: [ChunkHolderManager] Halted chunk system for world 'world_nether'
[12:00:48] [Server thread/INFO]: [ChunkHolderManager] Saving all chunkholders for world 'world_nether'
[12:00:49] [Server thread/INFO]: [ChunkHolderManager] Saved 792 block chunks, 3 entity chunks, 0 poi chunks in world 'world_nether' in 0.51s
[12:00:49] [Server thread/INFO]: ThreadedAnvilChunkStorage (DIM-1): All chunks are saved
[12:00:49] [Server thread/INFO]: Saving chunks for level 'ServerLevel[world_the_end]'/minecraft:the_end
[12:00:49] [Server thread/INFO]: [ChunkHolderManager] Waiting 60s for chunk system to halt for world 'world_the_end'
[12:00:49] [Server thread/INFO]: [ChunkHolderManager] Halted chunk system for world 'world_the_end'
[12:00:49] [Server thread/INFO]: [ChunkHolderManager] Saving all chunkholders for world 'world_the_end'
[12:00:50] [Server thread/INFO]: [ChunkHolderManager] Saved 792 block chunks, 10 entity chunks, 0 poi chunks in world 'world_the_end' in 0.57s
[12:00:50] [Server thread/INFO]: ThreadedAnvilChunkStorage (DIM1): All chunks are saved
[12:00:50] [Server thread/INFO]: ThreadedAnvilChunkStorage: All dimensions are saved
[12:00:50] [Server thread/INFO]: Flushing Chunk IO
[12:00:50] [Server thread/INFO]: Closing Thread Pool
[12:00:50] [Server thread/INFO]: Closing Server
